Started GET "/aws-sdk-call" for 127.0.0.1 at 2022-01-20 12:01:32 -0800
Processing by ApplicationController#aws_sdk_call as */*
Completed 200 OK in 288ms (Views: 0.3ms | Allocations: 32415)


Started GET "/aws-sdk-call" for 127.0.0.1 at 2022-01-20 12:08:22 -0800
Processing by ApplicationController#aws_sdk_call as */*
Completed 200 OK in 281ms (Views: 0.3ms | Allocations: 32404)


Started GET "/aws-sdk-call" for 127.0.0.1 at 2022-01-20 12:33:32 -0800
Processing by ApplicationController#aws_sdk_call as */*
Completed 200 OK in 273ms (Views: 0.2ms | Allocations: 32419)


Started GET "/aws-sdk-call" for 127.0.0.1 at 2022-01-20 15:00:54 -0800
Processing by ApplicationController#aws_sdk_call as */*
Completed 200 OK in 294ms (Views: 0.2ms | Allocations: 32450)


Started GET "/aws-sdk-call" for 127.0.0.1 at 2022-01-20 15:03:10 -0800
Processing by ApplicationController#aws_sdk_call as */*
Completed 200 OK in 240ms (Views: 0.6ms | Allocations: 4832)


Started GET "/aws-sdk-call" for 127.0.0.1 at 2022-01-20 15:03:30 -0800
Processing by ApplicationController#aws_sdk_call as */*
Completed 500 Internal Server Error in 103ms (Allocations: 32039)


  
Aws::S3::Errors::InvalidAccessKeyId (The AWS Access Key Id you provided does not exist in our records.):
  
app/controllers/application_controller.rb:26:in `aws_sdk_call'
Started GET "/aws-sdk-call" for 127.0.0.1 at 2022-01-20 15:06:00 -0800
Processing by ApplicationController#aws_sdk_call as */*
Completed 500 Internal Server Error in 101ms (Allocations: 30751)


  
Aws::S3::Errors::InvalidAccessKeyId (The AWS Access Key Id you provided does not exist in our records.):
  
app/controllers/application_controller.rb:26:in `aws_sdk_call'
Started GET "/aws-sdk-call" for 127.0.0.1 at 2022-01-20 15:06:34 -0800
Processing by ApplicationController#aws_sdk_call as */*
Completed 500 Internal Server Error in 112ms (Allocations: 32027)


  
Aws::S3::Errors::InvalidAccessKeyId (The AWS Access Key Id you provided does not exist in our records.):
  
app/controllers/application_controller.rb:26:in `aws_sdk_call'
Started GET "/aws-sdk-call" for 127.0.0.1 at 2022-01-20 15:11:51 -0800
Processing by ApplicationController#aws_sdk_call as */*
Completed 500 Internal Server Error in 211ms (Allocations: 34012)


  
NoMethodError (undefined method `successful' for #<Seahorse::Client::Response:0x00007fa4a5830440>):
  
app/controllers/application_controller.rb:26:in `aws_sdk_call'
Started GET "/aws-sdk-call" for 127.0.0.1 at 2022-01-20 15:13:03 -0800
Processing by ApplicationController#aws_sdk_call as */*
Completed 200 OK in 271ms (Views: 0.2ms | Allocations: 32628)


Started GET "/aws-sdk-call" for 127.0.0.1 at 2022-01-20 15:20:45 -0800
Processing by ApplicationController#aws_sdk_call as */*
Completed 500 Internal Server Error in 279ms (Allocations: 31668)


  
NoMethodError (undefined method `successful' for #<Seahorse::Client::Response:0x00007ff371353e20>):
  
app/controllers/application_controller.rb:26:in `aws_sdk_call'
Started GET "/aws-sdk-call" for 127.0.0.1 at 2022-01-20 15:31:09 -0800
Processing by ApplicationController#aws_sdk_call as */*
Completed 500 Internal Server Error in 219ms (Allocations: 31434)


  
ArgumentError (wrong number of arguments (given 0, expected 1)):
  
app/controllers/application_controller.rb:26:in `aws_sdk_call'
Started GET "/aws-sdk-call" for 127.0.0.1 at 2022-01-20 15:31:27 -0800
Processing by ApplicationController#aws_sdk_call as */*
Completed 500 Internal Server Error in 194ms (Allocations: 31433)


  
ArgumentError (wrong number of arguments (given 0, expected 1)):
  
app/controllers/application_controller.rb:26:in `aws_sdk_call'
Started GET "/aws-sdk-call" for 127.0.0.1 at 2022-01-20 15:31:40 -0800
Processing by ApplicationController#aws_sdk_call as */*
Completed 500 Internal Server Error in 183ms (Allocations: 31437)


  
ArgumentError (wrong number of arguments (given 0, expected 1)):
  
app/controllers/application_controller.rb:26:in `aws_sdk_call'
Started GET "/aws-sdk-call" for 127.0.0.1 at 2022-01-20 15:32:07 -0800
Processing by ApplicationController#aws_sdk_call as */*
Completed 200 OK in 227ms (Views: 0.2ms | Allocations: 31448)


Started GET "/aws-sdk-call" for 127.0.0.1 at 2022-01-20 15:34:19 -0800
Processing by ApplicationController#aws_sdk_call as */*
Completed 200 OK in 211ms (Views: 0.3ms | Allocations: 31481)


Started GET "/aws-sdk-call" for 127.0.0.1 at 2022-01-20 15:35:33 -0800
Processing by ApplicationController#aws_sdk_call as */*
Completed 200 OK in 201ms (Views: 0.2ms | Allocations: 31336)


Started GET "/aws-sdk-call" for 127.0.0.1 at 2022-01-20 15:36:12 -0800
Processing by ApplicationController#aws_sdk_call as */*
Completed 200 OK in 309ms (Views: 0.3ms | Allocations: 31360)


Started GET "/aws-sdk-call" for 127.0.0.1 at 2022-01-20 15:38:37 -0800
Processing by ApplicationController#aws_sdk_call as */*
Completed 500 Internal Server Error in 102ms (Allocations: 30770)


  
Aws::S3::Errors::InvalidAccessKeyId (The AWS Access Key Id you provided does not exist in our records.):
  
app/controllers/application_controller.rb:26:in `aws_sdk_call'
Started GET "/aws-sdk-call" for 127.0.0.1 at 2022-01-20 16:09:51 -0800
Processing by ApplicationController#aws_sdk_call as */*
Completed 500 Internal Server Error in 126ms (Allocations: 32038)


  
Aws::S3::Errors::InvalidAccessKeyId (The AWS Access Key Id you provided does not exist in our records.):
  
app/controllers/application_controller.rb:26:in `aws_sdk_call'
Started GET "/aws-sdk-call" for 127.0.0.1 at 2022-01-20 16:10:36 -0800
Processing by ApplicationController#aws_sdk_call as */*
Completed 500 Internal Server Error in 110ms (Allocations: 32031)


  
Aws::S3::Errors::InvalidAccessKeyId (The AWS Access Key Id you provided does not exist in our records.):
  
app/controllers/application_controller.rb:26:in `aws_sdk_call'
Started GET "/aws-sdk-call" for 127.0.0.1 at 2022-01-20 16:11:02 -0800
Processing by ApplicationController#aws_sdk_call as */*
Completed 200 OK in 280ms (Views: 0.2ms | Allocations: 32415)


Started GET "/aws-sdk-call" for 127.0.0.1 at 2022-01-20 16:58:36 -0800
Processing by ApplicationController#aws_sdk_call as */*
Completed 200 OK in 324ms (Views: 0.9ms | Allocations: 31326)


Started GET "/aws-sdk-call" for 127.0.0.1 at 2022-01-20 16:59:12 -0800
Processing by ApplicationController#aws_sdk_call as */*
Completed 200 OK in 208ms (Views: 0.3ms | Allocations: 31336)


Started GET "/aws-sdk-call" for 127.0.0.1 at 2022-01-21 14:34:22 -0800
Processing by ApplicationController#aws_sdk_call as */*
Completed 200 OK in 292ms (Views: 0.3ms | Allocations: 32443)


Started GET "/aws-sdk-call" for 127.0.0.1 at 2022-01-21 14:55:24 -0800
Processing by ApplicationController#aws_sdk_call as */*
Completed 200 OK in 231ms (Views: 0.2ms | Allocations: 31327)


Started GET "/outgoing-http-call" for 127.0.0.1 at 2022-01-28 16:37:03 -0800
Processing by ApplicationController#outgoing_http_call as */*
Completed 200 OK in 155ms (Views: 0.2ms | Allocations: 1621)


Started GET "/outgoing-http-call" for 127.0.0.1 at 2022-01-28 16:37:42 -0800
Processing by ApplicationController#outgoing_http_call as */*
Completed 200 OK in 142ms (Views: 0.2ms | Allocations: 1618)


Started GET "/outgoing-http-call" for 127.0.0.1 at 2022-01-28 16:39:09 -0800
Processing by ApplicationController#outgoing_http_call as */*
Completed 200 OK in 160ms (Views: 1.1ms | Allocations: 1338)


